Checking for new versions...

Getting ready...
Ready! You are using Stripe API Version [2025-09-30.clover]. Your webhook signing secret is whsec_4f4fbc268de59a11bdecffe52c00d0f486f3793ca1352b88c570ce2aeefc811d (^C to quit)
2025-10-11 23:22:56   --> customer.created [evt_1SHBBk2NFEywlXB6doBr7B9M]
2025-10-11 23:22:58  <--  [200] POST http://localhost:3000/api/stripe/webhook [evt_1SHBBk2NFEywlXB6doBr7B9M]
2025-10-12 00:03:13   --> checkout.session.completed [evt_1SHBoj2NFEywlXB6TvHQ6JRx]
2025-10-12 00:03:13   --> charge.succeeded [evt_3SHBog2NFEywlXB60Cr5fgNi]
2025-10-12 00:03:13   --> payment_method.attached [evt_1SHBoj2NFEywlXB6jLy3xxfs]
2025-10-12 00:03:13   --> customer.updated [evt_1SHBoj2NFEywlXB6tviJP7CZ]
2025-10-12 00:03:13   --> customer.updated [evt_1SHBoj2NFEywlXB6HItFaFSH]
2025-10-12 00:03:14   --> customer.subscription.created [evt_1SHBoj2NFEywlXB6T8051xKW]
2025-10-12 00:03:14   --> customer.subscription.updated [evt_1SHBoj2NFEywlXB626TWCuP1]
2025-10-12 00:03:14   --> payment_intent.succeeded [evt_3SHBog2NFEywlXB60VSXZJoS]
2025-10-12 00:03:14   --> payment_intent.created [evt_3SHBog2NFEywlXB609cwuRR3]
2025-10-12 00:03:14   --> invoice.created [evt_1SHBok2NFEywlXB62A05HkFd]
2025-10-12 00:03:14   --> invoice.finalized [evt_1SHBok2NFEywlXB6MjbT43xf]
2025-10-12 00:03:14   --> invoice.updated [evt_1SHBok2NFEywlXB6SE9BsxtH]
2025-10-12 00:03:14   --> invoice.paid [evt_1SHBok2NFEywlXB6YgecnYq7]
2025-10-12 00:03:14   --> invoice.payment_succeeded [evt_1SHBok2NFEywlXB6NEMry7e6]
2025-10-12 00:03:14  <--  [200] POST http://localhost:3000/api/stripe/webhook [evt_1SHBoj2NFEywlXB6T8051xKW]
2025-10-12 00:03:14  <--  [200] POST http://localhost:3000/api/stripe/webhook [evt_1SHBok2NFEywlXB62A05HkFd]
2025-10-12 00:03:14  <--  [200] POST http://localhost:3000/api/stripe/webhook [evt_3SHBog2NFEywlXB60Cr5fgNi]
2025-10-12 00:03:14  <--  [200] POST http://localhost:3000/api/stripe/webhook [evt_1SHBoj2NFEywlXB6jLy3xxfs]
2025-10-12 00:03:14  <--  [200] POST http://localhost:3000/api/stripe/webhook [evt_1SHBoj2NFEywlXB6tviJP7CZ]
2025-10-12 00:03:14  <--  [200] POST http://localhost:3000/api/stripe/webhook [evt_3SHBog2NFEywlXB60VSXZJoS]
2025-10-12 00:03:14  <--  [200] POST http://localhost:3000/api/stripe/webhook [evt_3SHBog2NFEywlXB609cwuRR3]
2025-10-12 00:03:14  <--  [200] POST http://localhost:3000/api/stripe/webhook [evt_1SHBoj2NFEywlXB6HItFaFSH]
2025-10-12 00:03:14  <--  [200] POST http://localhost:3000/api/stripe/webhook [evt_1SHBok2NFEywlXB6MjbT43xf]
2025-10-12 00:03:15  <--  [200] POST http://localhost:3000/api/stripe/webhook [evt_1SHBok2NFEywlXB6SE9BsxtH]
2025-10-12 00:03:15  <--  [200] POST http://localhost:3000/api/stripe/webhook [evt_1SHBok2NFEywlXB6NEMry7e6]
2025-10-12 00:03:15  <--  [200] POST http://localhost:3000/api/stripe/webhook [evt_1SHBoj2NFEywlXB626TWCuP1]
2025-10-12 00:03:15  <--  [200] POST http://localhost:3000/api/stripe/webhook [evt_1SHBok2NFEywlXB6YgecnYq7]
2025-10-12 00:03:15  <--  [200] POST http://localhost:3000/api/stripe/webhook [evt_1SHBoj2NFEywlXB6TvHQ6JRx]
2025-10-12 00:03:46   --> invoice_payment.paid [evt_1SHBpG2NFEywlXB62dzIf2qv]
2025-10-12 00:03:47  <--  [200] POST http://localhost:3000/api/stripe/webhook [evt_1SHBpG2NFEywlXB62dzIf2qv]
2025-10-12 00:09:24   --> billing_portal.configuration.created [evt_1SHBui2NFEywlXB6XXPkmCAi]
2025-10-12 00:09:25   --> billing_portal.configuration.updated [evt_1SHBuj2NFEywlXB6g6GOStLj]
2025-10-12 00:09:26  <--  [200] POST http://localhost:3000/api/stripe/webhook [evt_1SHBuj2NFEywlXB6g6GOStLj]
2025-10-12 00:09:26  <--  [200] POST http://localhost:3000/api/stripe/webhook [evt_1SHBui2NFEywlXB6XXPkmCAi]
2025-10-12 00:11:51   --> billing_portal.configuration.updated [evt_1SHBx52NFEywlXB6QYF2zGKM]
2025-10-12 00:11:51  <--  [200] POST http://localhost:3000/api/stripe/webhook [evt_1SHBx52NFEywlXB6QYF2zGKM]
2025-10-12 00:14:34   --> billing_portal.session.created [evt_1SHBzi2NFEywlXB6BSJv01nX]
2025-10-12 00:14:35  <--  [200] POST http://localhost:3000/api/stripe/webhook [evt_1SHBzi2NFEywlXB6BSJv01nX]
2025-10-12 00:14:52   --> setup_intent.created [evt_1SHC002NFEywlXB6f8SKAFj4]
2025-10-12 00:14:53  <--  [200] POST http://localhost:3000/api/stripe/webhook [evt_1SHC002NFEywlXB6f8SKAFj4]
